<?xml version="1.0" encoding="UTF-8"?>
<!-- Generated by org.testng.reporters.JUnitXMLReporter -->
<testsuite ignored="0" hostname="Hp_Laptop" failures="0" tests="8" name="Test2" time="0.118" errors="0" timestamp="2025-07-22T00:35:58 PKT">
  <testcase classname="TestNg.Practice_Two" name="ApiLoginCarLoan" time="0.013"/>
  <testcase classname="TestNg.Practice_Two" name="Build" time="0.002"/>
  <testcase classname="TestNg.Practice_Two" name="MobileLoginCarLoan" time="0.006"/>
  <testcase classname="TestNg.Practice_Two" name="MobileLoginCarLoan" time="0.002"/>
  <testcase classname="TestNg.Practice_Two" name="MobileLoginCarLoan" time="0.003"/>
  <testcase classname="TestNg.Practice_Two" name="MobileSignInCarLoan" time="0.001"/>
  <testcase classname="TestNg.Practice_Two" name="MobileSigout" time="0.002"/>
  <testcase classname="TestNg.Practice_Two" name="WebLoginCarLoan" time="0.002"/>
</testsuite> <!-- Test2 -->
