<?xml version="1.0" encoding="UTF-8"?>
<testng-results ignored="0" total="1" passed="1" failed="0" skipped="0">
  <reporter-output>
  </reporter-output>
  <suite started-at="2025-07-24T00:24:20 PKT" name="Default suite" finished-at="2025-07-24T00:24:20 PKT" duration-ms="67">
    <groups>
    </groups>
    <test started-at="2025-07-24T00:24:20 PKT" name="Default test" finished-at="2025-07-24T00:24:20 PKT" duration-ms="67">
      <class name="TestNg.PS1">
        <test-method is-config="true" signature="BeforeRun()[pri:0, instance:TestNg.PS1@3b0090a4]" started-at="2025-07-24T00:24:20 PKT" name="BeforeRun" finished-at="2025-07-24T00:24:20 PKT" duration-ms="7" status="PASS">
          <reporter-output>
          </reporter-output>
        </test-method> <!-- BeforeRun -->
        <test-method signature="TestRun()[pri:0, instance:TestNg.PS1@3b0090a4]" started-at="2025-07-24T00:24:20 PKT" name="TestRun" finished-at="2025-07-24T00:24:20 PKT" duration-ms="11" status="PASS">
          <reporter-output>
          </reporter-output>
        </test-method> <!-- TestRun -->
        <test-method is-config="true" signature="AfterRun()[pri:0, instance:TestNg.PS1@3b0090a4]" started-at="2025-07-24T00:24:20 PKT" name="AfterRun" finished-at="2025-07-24T00:24:20 PKT" duration-ms="0" status="PASS">
          <reporter-output>
          </reporter-output>
        </test-method> <!-- AfterRun -->
      </class> <!-- TestNg.PS1 -->
    </test> <!-- Default test -->
  </suite> <!-- Default suite -->
</testng-results>
